Using pre-set license
Built from '2020.3/china_unity/release' branch; Version is '2020.3.19f1c2 (94354a08ed9f) revision 9712970'; Using compiler version '192528614'; Build Type 'Release'
OS: 'Windows 10 Home; OS build 19044.1586; Version 2009; 64bit' Language: 'zh' Physical Memory: 32530 MB
BatchMode: 1, IsHumanControllingUs: 0, StartBugReporterOnCrash: 0, Is64bit: 1, IsPro: 0

COMMAND LINE ARGUMENTS:
C:\Program Files\Unity\Hub\Editor\2020.3.19f1c2\Editor\Unity.exe
-adb2
-batchMode
-noUpm
-name
AssetImportWorker0
-projectPath
D:/UnityProjects/MyShader_GitHub
-logFile
Logs/AssetImportWorker0.log
-srvPort
3416
Successfully changed project path to: D:/UnityProjects/MyShader_GitHub
D:/UnityProjects/MyShader_GitHub
Using Asset Import Pipeline V2.
AS: AutoStreaming module initializing.Refreshing native plugins compatible for Editor in 36.07 ms, found 2 plugins.
Preloading 0 native plugins for Editor in 0.00 ms.
Initialize engine version: 2020.3.19f1c2 (94354a08ed9f)
[Subsystems] Discovering subsystems at path C:/Program Files/Unity/Hub/Editor/2020.3.19f1c2/Editor/Data/Resources/UnitySubsystems
[Subsystems] Discovering subsystems at path D:/UnityProjects/MyShader_GitHub/Assets
GfxDevice: creating device client; threaded=0
Direct3D:
    Version:  Direct3D 11.0 [level 11.1]
    Renderer: NVIDIA GeForce RTX 3070 Laptop GPU (ID=0x24dd)
    Vendor:   
    VRAM:     8044 MB
    Driver:   30.0.14.7212
Initialize mono
Mono path[0] = 'C:/Program Files/Unity/Hub/Editor/2020.3.19f1c2/Editor/Data/Managed'
Mono path[1] = 'C:/Program Files/Unity/Hub/Editor/2020.3.19f1c2/Editor/Data/MonoBleedingEdge/lib/mono/unityjit'
Mono config path = 'C:/Program Files/Unity/Hub/Editor/2020.3.19f1c2/Editor/Data/MonoBleedingEdge/etc'
Using monoOptions --debugger-agent=transport=dt_socket,embedding=1,server=y,suspend=n,address=127.0.0.1:56984
Begin MonoManager ReloadAssembly
Registering precompiled unity dll's ...
Register platform support module: C:/Program Files/Unity/Hub/Editor/2020.3.19f1c2/Editor/Data/PlaybackEngines/WindowsStandaloneSupport/UnityEditor.WindowsStandalone.Extensions.dll
Registered in 0.001792 seconds.
Native extension for WindowsStandalone target not found
Refreshing native plugins compatible for Editor in 38.35 ms, found 2 plugins.
Preloading 0 native plugins for Editor in 0.00 ms.
Mono: successfully reloaded assembly
- Completed reload, in  1.152 seconds
Domain Reload Profiling:
	ReloadAssembly (1153ms)
		BeginReloadAssembly (52ms)
			ExecutionOrderSort (0ms)
			DisableScriptedObjects (0ms)
			BackupInstance (0ms)
			ReleaseScriptingObjects (0ms)
			CreateAndSetChildDomain (1ms)
		EndReloadAssembly (414ms)
			LoadAssemblies (50ms)
			RebuildTransferFunctionScriptingTraits (0ms)
			SetupTypeCache (147ms)
			ReleaseScriptCaches (0ms)
			RebuildScriptCaches (35ms)
			SetupLoadedEditorAssemblies (163ms)
				LogAssemblyErrors (0ms)
				InitializePlatformSupportModulesInManaged (4ms)
				SetLoadedEditorAssemblies (0ms)
				RefreshPlugins (38ms)
				BeforeProcessingInitializeOnLoad (17ms)
				ProcessInitializeOnLoadAttributes (76ms)
				ProcessInitializeOnLoadMethodAttributes (27ms)
				AfterProcessingInitializeOnLoad (0ms)
				EditorAssembliesLoaded (0ms)
			ExecutionOrderSort2 (0ms)
			AwakeInstancesAfterBackupRestoration (0ms)
Platform modules already initialized, skipping
Registering precompiled user dll's ...
Registered in 0.001462 seconds.
Begin MonoManager ReloadAssembly
Native extension for WindowsStandalone target not found
Refreshing native plugins compatible for Editor in 0.32 ms, found 2 plugins.
Preloading 0 native plugins for Editor in 0.00 ms.
Mono: successfully reloaded assembly
- Completed reload, in  1.005 seconds
Domain Reload Profiling:
	ReloadAssembly (1006ms)
		BeginReloadAssembly (138ms)
			ExecutionOrderSort (0ms)
			DisableScriptedObjects (4ms)
			BackupInstance (0ms)
			ReleaseScriptingObjects (0ms)
			CreateAndSetChildDomain (17ms)
		EndReloadAssembly (811ms)
			LoadAssemblies (76ms)
			RebuildTransferFunctionScriptingTraits (0ms)
			SetupTypeCache (264ms)
			ReleaseScriptCaches (0ms)
			RebuildScriptCaches (79ms)
			SetupLoadedEditorAssemblies (304ms)
				LogAssemblyErrors (0ms)
				InitializePlatformSupportModulesInManaged (5ms)
				SetLoadedEditorAssemblies (0ms)
				RefreshPlugins (0ms)
				BeforeProcessingInitializeOnLoad (74ms)
				ProcessInitializeOnLoadAttributes (213ms)
				ProcessInitializeOnLoadMethodAttributes (4ms)
				AfterProcessingInitializeOnLoad (7ms)
				EditorAssembliesLoaded (0ms)
			ExecutionOrderSort2 (0ms)
			AwakeInstancesAfterBackupRestoration (6ms)
Platform modules already initialized, skipping
========================================================================
Worker process is ready to serve import requests
Launched and connected shader compiler UnityShaderCompiler.exe after 0.07 seconds
Refreshing native plugins compatible for Editor in 0.53 ms, found 2 plugins.
Preloading 0 native plugins for Editor in 0.00 ms.
Unloading 2043 Unused Serialized files (Serialized files now loaded: 0)
System memory in use before: 117.7 MB.
System memory in use after: 117.8 MB.

Unloading 16 unused Assets to reduce memory usage. Loaded Objects now: 2479.
Total: 2.738400 ms (FindLiveObjects: 0.204900 ms CreateObjectMapping: 0.083000 ms MarkObjects: 2.394600 ms  DeleteObjects: 0.054900 ms)

AssetImportParameters requested are different than current active one (requested -> active):
  custom:framework-win-MediaFoundation: 216162199b28c13a410421893ffa2e32 -> 
  custom:video-decoder-ogg-theora: a1e56fd34408186e4bbccfd4996cb3dc -> 
  custom:container-muxer-webm: aa71ff27fc2769a1b78a27578f13a17b -> 
  custom:container-demuxer-webm: 4f35f7cbe854078d1ac9338744f61a02 -> 
  custom:container-demuxer-ogg: 62fdf1f143b41e24485cea50d1cbac27 -> 
  custom:video-encoder-webm-vp8: eb34c28f22e8b96e1ab97ce403110664 -> 
  custom:video-codec-MediaFoundation-h265: 746d11721c4dcdbdad8f713fa42b33f4 -> 
  custom:video-decoder-webm-vp8: 9c59270c3fd7afecdb556c50c9e8de78 -> 
  custom:audio-decoder-ogg-vorbis: bf7c407c2cedff20999df2af8eb42d56 -> 
  custom:audio-encoder-webm-vorbis: bf7c407c2cedff20999df2af8eb42d56 -> 
========================================================================
Received Import Request.
  path: Assets
  artifactKey: Guid(00000000000000001000000000000000) Importer(815301076,1909f56bfc062723c751e8b465ee728b)
Start importing Assets using Guid(00000000000000001000000000000000) Importer(815301076,1909f56bfc062723c751e8b465ee728b)  -> (artifact id: '42d402b061de3733987d63b9cc3b64de') in 0.006837 seconds 
  Import took 0.009893 seconds .

========================================================================
Received Import Request.
  Time since last request: 3.503428 seconds.
  path: Assets/Resources
  artifactKey: Guid(357847581df0567489053e21ebcdc42c) Importer(815301076,1909f56bfc062723c751e8b465ee728b)
Start importing Assets/Resources using Guid(357847581df0567489053e21ebcdc42c) Importer(815301076,1909f56bfc062723c751e8b465ee728b)  -> (artifact id: '854d24e99e631a8c3620085ba7efd947') in 0.004915 seconds 
  Import took 0.008031 seconds .

========================================================================
Received Import Request.
  Time since last request: 7.348452 seconds.
  path: Assets/Resources/Materials
  artifactKey: Guid(92b8c821bd3ac2b43a05a263e3d61f59) Importer(815301076,1909f56bfc062723c751e8b465ee728b)
Start importing Assets/Resources/Materials using Guid(92b8c821bd3ac2b43a05a263e3d61f59) Importer(815301076,1909f56bfc062723c751e8b465ee728b)  -> (artifact id: '70f185398ee8815e95ca1bf3344d885d') in 0.004437 seconds 
  Import took 0.007365 seconds .

========================================================================
Received Import Request.
  Time since last request: 6.952448 seconds.
  path: Assets/Resources/Textures
  artifactKey: Guid(14be25992911d8544bedbf96bbcaae77) Importer(815301076,1909f56bfc062723c751e8b465ee728b)
Start importing Assets/Resources/Textures using Guid(14be25992911d8544bedbf96bbcaae77) Importer(815301076,1909f56bfc062723c751e8b465ee728b)  -> (artifact id: '2f762041270cc457768aaf3b6a1611d5') in 0.004201 seconds 
  Import took 0.007580 seconds .

========================================================================
Received Import Request.
  Time since last request: 6.170634 seconds.
  path: Assets/Resources/Scripts
  artifactKey: Guid(f74f0d10cbed17e42a4f771cb76527dc) Importer(815301076,1909f56bfc062723c751e8b465ee728b)
Start importing Assets/Resources/Scripts using Guid(f74f0d10cbed17e42a4f771cb76527dc) Importer(815301076,1909f56bfc062723c751e8b465ee728b)  -> (artifact id: '8ce08fca23624fafc4bf13d47f781d8e') in 0.004428 seconds 
  Import took 0.007673 seconds .

========================================================================
Received Import Request.
  Time since last request: 32.678291 seconds.
  path: Assets/Shader_wls
  artifactKey: Guid(e3bc1c33da1901f4097ca307dc80299e) Importer(815301076,1909f56bfc062723c751e8b465ee728b)
Start importing Assets/Shader_wls using Guid(e3bc1c33da1901f4097ca307dc80299e) Importer(815301076,1909f56bfc062723c751e8b465ee728b)  -> (artifact id: '248970d5a0fdae253bfbe7ed06392515') in 0.005605 seconds 
  Import took 0.008450 seconds .

========================================================================
Received Import Request.
  Time since last request: 6.857184 seconds.
  path: Assets/Shader_Jerry
  artifactKey: Guid(e4ae204123325024db3f557ca5366e68) Importer(815301076,1909f56bfc062723c751e8b465ee728b)
Start importing Assets/Shader_Jerry using Guid(e4ae204123325024db3f557ca5366e68) Importer(815301076,1909f56bfc062723c751e8b465ee728b)  -> (artifact id: '08427b4f5e1e34dcc37356004a9a047e') in 0.004519 seconds 
  Import took 0.007284 seconds .

========================================================================
Received Import Request.
  Time since last request: 14.573335 seconds.
  path: Assets/Shader_wls/Scenes
  artifactKey: Guid(3ca47638b0182804190e3a416cba638f) Importer(815301076,1909f56bfc062723c751e8b465ee728b)
Start importing Assets/Shader_wls/Scenes using Guid(3ca47638b0182804190e3a416cba638f) Importer(815301076,1909f56bfc062723c751e8b465ee728b)  -> (artifact id: 'ca3aaef33f07cd8d8888917e78449e47') in 0.005001 seconds 
  Import took 0.008219 seconds .

========================================================================
Received Import Request.
  Time since last request: 10.795454 seconds.
  path: Assets/Shader_wls/Scenes/FirstScene.unity
  artifactKey: Guid(d1f0db0821b8b1f42a7096fa7d2e86b2) Importer(815301076,1909f56bfc062723c751e8b465ee728b)
Start importing Assets/Shader_wls/Scenes/FirstScene.unity using Guid(d1f0db0821b8b1f42a7096fa7d2e86b2) Importer(815301076,1909f56bfc062723c751e8b465ee728b)  -> (artifact id: '702058a42f21c307e6bd449826007459') in 0.013689 seconds 
  Import took 0.016584 seconds .

AssetImportWorkerClient::OnTransportError - code=2 error=End of file
